Arguments: 
  /usr/local/bin/node /usr/local/bin/yarn install

PATH: 
  /usr/local/bin:/usr/bin:/bin:/usr/sbin:/sbin

Yarn version: 
  1.22.5

Node version: 
  12.18.4

Platform: 
  darwin x64

Trace: 
  SyntaxError: /Users/lonis/Desktop/xNomad/package.json: Unexpected token } in JSON at position 356
      at JSON.parse (<anonymous>)
      at /usr/local/lib/node_modules/yarn/lib/cli.js:1625:59
      at Generator.next (<anonymous>)
      at step (/usr/local/lib/node_modules/yarn/lib/cli.js:310:30)
      at /usr/local/lib/node_modules/yarn/lib/cli.js:321:13

npm manifest: 
  {
  "dependencies": {
    "axios": "^0.20.0",
    "react": "^16.13.1",
    "react-dom": "^16.13.1",
    "react-scripts": "^3.4.3",
    "react-sound": "^1.2.0",
    "styled-components": "^5.2.0",
    "type": "^2.0.0"
  },
  "scripts": {
    "test": "react-scripts test",
    "start": "react-scripts start",
    "build": "react-scripts build",
    "eject": "react-scripts eject"
      },
  }

yarn manifest: 
  No manifest

Lockfile: 
  No lockfile
